INFO - 2023-06-09 15:40:05 --> Session: Class initialized using 'CodeIgniter\Session\Handlers\FileHandler' driver.
INFO - 2023-06-09 15:40:13 --> Session: Class initialized using 'CodeIgniter\Session\Handlers\FileHandler' driver.
INFO - 2023-06-09 15:40:22 --> Session: Class initialized using 'CodeIgniter\Session\Handlers\FileHandler' driver.
INFO - 2023-06-09 15:40:26 --> Session: Class initialized using 'CodeIgniter\Session\Handlers\FileHandler' driver.
INFO - 2023-06-09 15:40:28 --> Session: Class initialized using 'CodeIgniter\Session\Handlers\FileHandler' driver.
INFO - 2023-06-09 15:40:29 --> Session: Class initialized using 'CodeIgniter\Session\Handlers\FileHandler' driver.
INFO - 2023-06-09 15:40:36 --> Session: Class initialized using 'CodeIgniter\Session\Handlers\FileHandler' driver.
INFO - 2023-06-09 15:40:37 --> Session: Class initialized using 'CodeIgniter\Session\Handlers\FileHandler' driver.
INFO - 2023-06-09 15:40:39 --> Session: Class initialized using 'CodeIgniter\Session\Handlers\FileHandler' driver.
INFO - 2023-06-09 15:40:39 --> Session: Class initialized using 'CodeIgniter\Session\Handlers\FileHandler' driver.
INFO - 2023-06-09 15:40:47 --> Session: Class initialized using 'CodeIgniter\Session\Handlers\FileHandler' driver.
INFO - 2023-06-09 15:40:47 --> Session: Class initialized using 'CodeIgniter\Session\Handlers\FileHandler' driver.
INFO - 2023-06-09 15:40:54 --> Session: Class initialized using 'CodeIgniter\Session\Handlers\FileHandler' driver.
INFO - 2023-06-09 15:40:54 --> Session: Class initialized using 'CodeIgniter\Session\Handlers\FileHandler' driver.
INFO - 2023-06-09 15:41:03 --> Session: Class initialized using 'CodeIgniter\Session\Handlers\FileHandler' driver.
INFO - 2023-06-09 15:41:09 --> Session: Class initialized using 'CodeIgniter\Session\Handlers\FileHandler' driver.
INFO - 2023-06-09 15:41:10 --> Session: Class initialized using 'CodeIgniter\Session\Handlers\FileHandler' driver.
INFO - 2023-06-09 16:05:49 --> Session: Class initialized using 'CodeIgniter\Session\Handlers\FileHandler' driver.
INFO - 2023-06-09 16:06:09 --> Session: Class initialized using 'CodeIgniter\Session\Handlers\FileHandler' driver.
INFO - 2023-06-09 16:06:13 --> Session: Class initialized using 'CodeIgniter\Session\Handlers\FileHandler' driver.
INFO - 2023-06-09 16:10:37 --> Session: Class initialized using 'CodeIgniter\Session\Handlers\FileHandler' driver.
INFO - 2023-06-09 16:11:38 --> Session: Class initialized using 'CodeIgniter\Session\Handlers\FileHandler' driver.
INFO - 2023-06-09 16:11:40 --> Session: Class initialized using 'CodeIgniter\Session\Handlers\FileHandler' driver.
INFO - 2023-06-09 16:11:41 --> Session: Class initialized using 'CodeIgniter\Session\Handlers\FileHandler' driver.
INFO - 2023-06-09 16:11:45 --> Session: Class initialized using 'CodeIgniter\Session\Handlers\FileHandler' driver.
INFO - 2023-06-09 16:11:50 --> Session: Class initialized using 'CodeIgniter\Session\Handlers\FileHandler' driver.
INFO - 2023-06-09 16:11:51 --> Session: Class initialized using 'CodeIgniter\Session\Handlers\FileHandler' driver.
INFO - 2023-06-09 16:22:37 --> Session: Class initialized using 'CodeIgniter\Session\Handlers\FileHandler' driver.
INFO - 2023-06-09 16:28:36 --> Session: Class initialized using 'CodeIgniter\Session\Handlers\FileHandler' driver.
CRITICAL - 2023-06-09 16:28:36 --> Call to undefined function App\Controllers\now()
in APPPATH/Controllers/Home.php on line 51.
 1 SYSTEMPATH/CodeIgniter.php(934): App\Controllers\Home->historyWithdrawPage()
 2 SYSTEMPATH/CodeIgniter.php(499): CodeIgniter\CodeIgniter->runController(Object(App\Controllers\Home))
 3 SYSTEMPATH/CodeIgniter.php(368): CodeIgniter\CodeIgniter->handleRequest(null, Object(Config\Cache), false)
 4 FCPATH/index.php(67): CodeIgniter\CodeIgniter->run()
 5 SYSTEMPATH/Commands/Server/rewrite.php(47): require_once('/Users/natnopphawong/Developer/Workshops/PHP/bl88bet_dev/ci4_bl88bet/public/index.php')
INFO - 2023-06-09 16:28:51 --> Session: Class initialized using 'CodeIgniter\Session\Handlers\FileHandler' driver.
INFO - 2023-06-09 16:35:56 --> Session: Class initialized using 'CodeIgniter\Session\Handlers\FileHandler' driver.
WARNING - 2023-06-09 16:35:56 --> [DEPRECATED] Non-static method CodeIgniter\I18n\Time::toDateTime() should not be called statically in APPPATH/Controllers/Home.php on line 52.
 1 SYSTEMPATH/CodeIgniter.php(934): App\Controllers\Home->historyWithdrawPage()
 2 SYSTEMPATH/CodeIgniter.php(499): CodeIgniter\CodeIgniter->runController(Object(App\Controllers\Home))
 3 SYSTEMPATH/CodeIgniter.php(368): CodeIgniter\CodeIgniter->handleRequest(null, Object(Config\Cache), false)
 4 FCPATH/index.php(67): CodeIgniter\CodeIgniter->run()
 5 SYSTEMPATH/Commands/Server/rewrite.php(47): require_once('/Users/natnopphawong/Developer/Workshops/PHP/bl88bet_dev/ci4_bl88bet/public/index.php')
CRITICAL - 2023-06-09 16:35:56 --> Using $this when not in object context
in SYSTEMPATH/I18n/TimeTrait.php on line 306.
 1 APPPATH/Controllers/Home.php(52): CodeIgniter\I18n\Time::toDateTime()
 2 SYSTEMPATH/CodeIgniter.php(934): App\Controllers\Home->historyWithdrawPage()
 3 SYSTEMPATH/CodeIgniter.php(499): CodeIgniter\CodeIgniter->runController(Object(App\Controllers\Home))
 4 SYSTEMPATH/CodeIgniter.php(368): CodeIgniter\CodeIgniter->handleRequest(null, Object(Config\Cache), false)
 5 FCPATH/index.php(67): CodeIgniter\CodeIgniter->run()
 6 SYSTEMPATH/Commands/Server/rewrite.php(47): require_once('/Users/natnopphawong/Developer/Workshops/PHP/bl88bet_dev/ci4_bl88bet/public/index.php')
INFO - 2023-06-09 16:42:08 --> Session: Class initialized using 'CodeIgniter\Session\Handlers\FileHandler' driver.
INFO - 2023-06-09 16:42:40 --> Session: Class initialized using 'CodeIgniter\Session\Handlers\FileHandler' driver.
INFO - 2023-06-09 16:43:44 --> Session: Class initialized using 'CodeIgniter\Session\Handlers\FileHandler' driver.
WARNING - 2023-06-09 16:43:44 --> [DEPRECATED] Non-static method CodeIgniter\I18n\Time::toDateTimeString() should not be called statically in APPPATH/Views/pages/history_withdraw/index.php on line 28.
 1 SYSTEMPATH/View/View.php(213): include('/Users/natnopphawong/Developer/Workshops/PHP/bl88bet_dev/ci4_bl88bet/app/Views/pages/history_withdraw/index.php')
 2 SYSTEMPATH/View/View.php(216): CodeIgniter\View\View->CodeIgniter\View\{closure}()
 3 SYSTEMPATH/Common.php(1184): CodeIgniter\View\View->render('pages/history_withdraw/index', [], true)
 4 APPPATH/Controllers/Home.php(52): view('pages/history_withdraw/index')
 5 SYSTEMPATH/CodeIgniter.php(934): App\Controllers\Home->historyWithdrawPage()
 6 SYSTEMPATH/CodeIgniter.php(499): CodeIgniter\CodeIgniter->runController(Object(App\Controllers\Home))
 7 SYSTEMPATH/CodeIgniter.php(368): CodeIgniter\CodeIgniter->handleRequest(null, Object(Config\Cache), false)
 8 FCPATH/index.php(67): CodeIgniter\CodeIgniter->run()
 9 SYSTEMPATH/Commands/Server/rewrite.php(47): require_once('/Users/natnopphawong/Developer/Workshops/PHP/bl88bet_dev/ci4_bl88bet/public/index.php')
CRITICAL - 2023-06-09 16:43:44 --> Using $this when not in object context
in SYSTEMPATH/I18n/TimeTrait.php on line 852.
 1 APPPATH/Views/pages/history_withdraw/index.php(28): CodeIgniter\I18n\Time::toDateTimeString()
 2 SYSTEMPATH/View/View.php(213): include('/Users/natnopphawong/Developer/Workshops/PHP/bl88bet_dev/ci4_bl88bet/app/Views/pages/history_withdraw/index.php')
 3 SYSTEMPATH/View/View.php(216): CodeIgniter\View\View->CodeIgniter\View\{closure}()
 4 SYSTEMPATH/Common.php(1184): CodeIgniter\View\View->render('pages/history_withdraw/index', [], true)
 5 APPPATH/Controllers/Home.php(52): view('pages/history_withdraw/index')
 6 SYSTEMPATH/CodeIgniter.php(934): App\Controllers\Home->historyWithdrawPage()
 7 SYSTEMPATH/CodeIgniter.php(499): CodeIgniter\CodeIgniter->runController(Object(App\Controllers\Home))
 8 SYSTEMPATH/CodeIgniter.php(368): CodeIgniter\CodeIgniter->handleRequest(null, Object(Config\Cache), false)
 9 FCPATH/index.php(67): CodeIgniter\CodeIgniter->run()
10 SYSTEMPATH/Commands/Server/rewrite.php(47): require_once('/Users/natnopphawong/Developer/Workshops/PHP/bl88bet_dev/ci4_bl88bet/public/index.php')
INFO - 2023-06-09 16:44:05 --> Session: Class initialized using 'CodeIgniter\Session\Handlers\FileHandler' driver.
WARNING - 2023-06-09 16:44:05 --> [DEPRECATED] Non-static method CodeIgniter\I18n\Time::toDateTimeString() should not be called statically in APPPATH/Views/pages/history_withdraw/index.php on line 28.
 1 SYSTEMPATH/View/View.php(213): include('/Users/natnopphawong/Developer/Workshops/PHP/bl88bet_dev/ci4_bl88bet/app/Views/pages/history_withdraw/index.php')
 2 SYSTEMPATH/View/View.php(216): CodeIgniter\View\View->CodeIgniter\View\{closure}()
 3 SYSTEMPATH/Common.php(1184): CodeIgniter\View\View->render('pages/history_withdraw/index', [], true)
 4 APPPATH/Controllers/Home.php(52): view('pages/history_withdraw/index')
 5 SYSTEMPATH/CodeIgniter.php(934): App\Controllers\Home->historyWithdrawPage()
 6 SYSTEMPATH/CodeIgniter.php(499): CodeIgniter\CodeIgniter->runController(Object(App\Controllers\Home))
 7 SYSTEMPATH/CodeIgniter.php(368): CodeIgniter\CodeIgniter->handleRequest(null, Object(Config\Cache), false)
 8 FCPATH/index.php(67): CodeIgniter\CodeIgniter->run()
 9 SYSTEMPATH/Commands/Server/rewrite.php(47): require_once('/Users/natnopphawong/Developer/Workshops/PHP/bl88bet_dev/ci4_bl88bet/public/index.php')
CRITICAL - 2023-06-09 16:44:05 --> Using $this when not in object context
in SYSTEMPATH/I18n/TimeTrait.php on line 852.
 1 APPPATH/Views/pages/history_withdraw/index.php(28): CodeIgniter\I18n\Time::toDateTimeString('2023-03-22 03:20:00')
 2 SYSTEMPATH/View/View.php(213): include('/Users/natnopphawong/Developer/Workshops/PHP/bl88bet_dev/ci4_bl88bet/app/Views/pages/history_withdraw/index.php')
 3 SYSTEMPATH/View/View.php(216): CodeIgniter\View\View->CodeIgniter\View\{closure}()
 4 SYSTEMPATH/Common.php(1184): CodeIgniter\View\View->render('pages/history_withdraw/index', [], true)
 5 APPPATH/Controllers/Home.php(52): view('pages/history_withdraw/index')
 6 SYSTEMPATH/CodeIgniter.php(934): App\Controllers\Home->historyWithdrawPage()
 7 SYSTEMPATH/CodeIgniter.php(499): CodeIgniter\CodeIgniter->runController(Object(App\Controllers\Home))
 8 SYSTEMPATH/CodeIgniter.php(368): CodeIgniter\CodeIgniter->handleRequest(null, Object(Config\Cache), false)
 9 FCPATH/index.php(67): CodeIgniter\CodeIgniter->run()
10 SYSTEMPATH/Commands/Server/rewrite.php(47): require_once('/Users/natnopphawong/Developer/Workshops/PHP/bl88bet_dev/ci4_bl88bet/public/index.php')
INFO - 2023-06-09 16:45:19 --> Session: Class initialized using 'CodeIgniter\Session\Handlers\FileHandler' driver.
CRITICAL - 2023-06-09 16:45:19 --> A non well formed numeric value encountered
in SYSTEMPATH/I18n/TimeTrait.php on line 215.
 1 SYSTEMPATH/I18n/TimeTrait.php(215): CodeIgniter\Debug\Exceptions->errorHandler(8, 'A non well formed numeric value encountered', '/Users/natnopphawong/Developer/Workshops/PHP/bl88bet_dev/ci4_bl88bet/vendor/codeigniter4/framework/system/I18n/TimeTrait.php', 215, [...])
 2 APPPATH/Views/pages/history_withdraw/index.php(28): CodeIgniter\I18n\Time::create('2023-03-22 03:20:00')
 3 SYSTEMPATH/View/View.php(213): include('/Users/natnopphawong/Developer/Workshops/PHP/bl88bet_dev/ci4_bl88bet/app/Views/pages/history_withdraw/index.php')
 4 SYSTEMPATH/View/View.php(216): CodeIgniter\View\View->CodeIgniter\View\{closure}()
 5 SYSTEMPATH/Common.php(1184): CodeIgniter\View\View->render('pages/history_withdraw/index', [], true)
 6 APPPATH/Controllers/Home.php(52): view('pages/history_withdraw/index')
 7 SYSTEMPATH/CodeIgniter.php(934): App\Controllers\Home->historyWithdrawPage()
 8 SYSTEMPATH/CodeIgniter.php(499): CodeIgniter\CodeIgniter->runController(Object(App\Controllers\Home))
 9 SYSTEMPATH/CodeIgniter.php(368): CodeIgniter\CodeIgniter->handleRequest(null, Object(Config\Cache), false)
10 FCPATH/index.php(67): CodeIgniter\CodeIgniter->run()
11 SYSTEMPATH/Commands/Server/rewrite.php(47): require_once('/Users/natnopphawong/Developer/Workshops/PHP/bl88bet_dev/ci4_bl88bet/public/index.php')
INFO - 2023-06-09 16:48:25 --> Session: Class initialized using 'CodeIgniter\Session\Handlers\FileHandler' driver.
INFO - 2023-06-09 16:48:42 --> Session: Class initialized using 'CodeIgniter\Session\Handlers\FileHandler' driver.
INFO - 2023-06-09 16:48:48 --> Session: Class initialized using 'CodeIgniter\Session\Handlers\FileHandler' driver.
INFO - 2023-06-09 16:48:53 --> Session: Class initialized using 'CodeIgniter\Session\Handlers\FileHandler' driver.
INFO - 2023-06-09 16:48:54 --> Session: Class initialized using 'CodeIgniter\Session\Handlers\FileHandler' driver.
INFO - 2023-06-09 17:08:35 --> Session: Class initialized using 'CodeIgniter\Session\Handlers\FileHandler' driver.
INFO - 2023-06-09 17:08:43 --> Session: Class initialized using 'CodeIgniter\Session\Handlers\FileHandler' driver.
INFO - 2023-06-09 17:08:48 --> Session: Class initialized using 'CodeIgniter\Session\Handlers\FileHandler' driver.
INFO - 2023-06-09 17:25:40 --> Session: Class initialized using 'CodeIgniter\Session\Handlers\FileHandler' driver.
INFO - 2023-06-09 17:28:51 --> Session: Class initialized using 'CodeIgniter\Session\Handlers\FileHandler' driver.
INFO - 2023-06-09 17:31:04 --> Session: Class initialized using 'CodeIgniter\Session\Handlers\FileHandler' driver.
INFO - 2023-06-09 17:31:06 --> Session: Class initialized using 'CodeIgniter\Session\Handlers\FileHandler' driver.
INFO - 2023-06-09 17:31:09 --> Session: Class initialized using 'CodeIgniter\Session\Handlers\FileHandler' driver.
INFO - 2023-06-09 17:31:10 --> Session: Class initialized using 'CodeIgniter\Session\Handlers\FileHandler' driver.
