CRITICAL - 2023-06-01 12:19:07 --> Argument 2 passed to view() must be of the type array, string given, called in /Users/natnopphawong/Developer/Workshops/PHP/bl88bet_dev/ci4_bl88bet/app/Controllers/Login.php on line 9
in SYSTEMPATH/Common.php on line 1172.
 1 APPPATH/Controllers/Login.php(9): view('layout/header', 'BL88BET')
 2 SYSTEMPATH/CodeIgniter.php(934): App\Controllers\Login->index()
 3 SYSTEMPATH/CodeIgniter.php(499): CodeIgniter\CodeIgniter->runController(Object(App\Controllers\Login))
 4 SYSTEMPATH/CodeIgniter.php(368): CodeIgniter\CodeIgniter->handleRequest(null, Object(Config\Cache), false)
 5 FCPATH/index.php(67): CodeIgniter\CodeIgniter->run()
 6 SYSTEMPATH/Commands/Server/rewrite.php(47): require_once('/Users/natnopphawong/Developer/Workshops/PHP/bl88bet_dev/ci4_bl88bet/public/index.php')
CRITICAL - 2023-06-01 12:20:00 --> Argument 2 passed to view() must be of the type array, string given, called in /Users/natnopphawong/Developer/Workshops/PHP/bl88bet_dev/ci4_bl88bet/app/Controllers/Login.php on line 10
in SYSTEMPATH/Common.php on line 1172.
 1 APPPATH/Controllers/Login.php(10): view('layout/header', 'BL88BET')
 2 SYSTEMPATH/CodeIgniter.php(934): App\Controllers\Login->index()
 3 SYSTEMPATH/CodeIgniter.php(499): CodeIgniter\CodeIgniter->runController(Object(App\Controllers\Login))
 4 SYSTEMPATH/CodeIgniter.php(368): CodeIgniter\CodeIgniter->handleRequest(null, Object(Config\Cache), false)
 5 FCPATH/index.php(67): CodeIgniter\CodeIgniter->run()
 6 SYSTEMPATH/Commands/Server/rewrite.php(47): require_once('/Users/natnopphawong/Developer/Workshops/PHP/bl88bet_dev/ci4_bl88bet/public/index.php')
CRITICAL - 2023-06-01 14:14:11 --> Undefined variable: baseURL
in APPPATH/Views/pages/login.php on line 71.
 1 APPPATH/Views/pages/login.php(71): CodeIgniter\Debug\Exceptions->errorHandler(8, 'Undefined variable: baseURL', '/Users/natnopphawong/Developer/Workshops/PHP/bl88bet_dev/ci4_bl88bet/app/Views/pages/login.php', 71, [...])
 2 SYSTEMPATH/View/View.php(213): include('/Users/natnopphawong/Developer/Workshops/PHP/bl88bet_dev/ci4_bl88bet/app/Views/pages/login.php')
 3 SYSTEMPATH/View/View.php(216): CodeIgniter\View\View->CodeIgniter\View\{closure}()
 4 SYSTEMPATH/Common.php(1184): CodeIgniter\View\View->render('pages/login', [], true)
 5 APPPATH/Controllers/Login.php(11): view('pages/login')
 6 SYSTEMPATH/CodeIgniter.php(934): App\Controllers\Login->index()
 7 SYSTEMPATH/CodeIgniter.php(499): CodeIgniter\CodeIgniter->runController(Object(App\Controllers\Login))
 8 SYSTEMPATH/CodeIgniter.php(368): CodeIgniter\CodeIgniter->handleRequest(null, Object(Config\Cache), false)
 9 FCPATH/index.php(67): CodeIgniter\CodeIgniter->run()
10 SYSTEMPATH/Commands/Server/rewrite.php(47): require_once('/Users/natnopphawong/Developer/Workshops/PHP/bl88bet_dev/ci4_bl88bet/public/index.php')
CRITICAL - 2023-06-01 14:16:42 --> Undefined variable: baseURL
in APPPATH/Views/pages/login.php on line 71.
 1 APPPATH/Views/pages/login.php(71): CodeIgniter\Debug\Exceptions->errorHandler(8, 'Undefined variable: baseURL', '/Users/natnopphawong/Developer/Workshops/PHP/bl88bet_dev/ci4_bl88bet/app/Views/pages/login.php', 71, [...])
 2 SYSTEMPATH/View/View.php(213): include('/Users/natnopphawong/Developer/Workshops/PHP/bl88bet_dev/ci4_bl88bet/app/Views/pages/login.php')
 3 SYSTEMPATH/View/View.php(216): CodeIgniter\View\View->CodeIgniter\View\{closure}()
 4 SYSTEMPATH/Common.php(1184): CodeIgniter\View\View->render('pages/login', [], true)
 5 APPPATH/Controllers/Login.php(12): view('pages/login')
 6 SYSTEMPATH/CodeIgniter.php(934): App\Controllers\Login->index()
 7 SYSTEMPATH/CodeIgniter.php(499): CodeIgniter\CodeIgniter->runController(Object(App\Controllers\Login))
 8 SYSTEMPATH/CodeIgniter.php(368): CodeIgniter\CodeIgniter->handleRequest(null, Object(Config\Cache), false)
 9 FCPATH/index.php(67): CodeIgniter\CodeIgniter->run()
10 SYSTEMPATH/Commands/Server/rewrite.php(47): require_once('/Users/natnopphawong/Developer/Workshops/PHP/bl88bet_dev/ci4_bl88bet/public/index.php')
CRITICAL - 2023-06-01 14:29:49 --> Controller or its method is not found: Home::index
in SYSTEMPATH/Helpers/url_helper.php on line 596.
 1 SYSTEMPATH/Helpers/url_helper.php(596): CodeIgniter\Router\Exceptions\RouterException::forControllerNotFound('Home', 'index')
 2 APPPATH/Views/pages/login.php(75): url_to('Home::index', 'home')
 3 SYSTEMPATH/View/View.php(213): include('/Users/natnopphawong/Developer/Workshops/PHP/bl88bet_dev/ci4_bl88bet/app/Views/pages/login.php')
 4 SYSTEMPATH/View/View.php(216): CodeIgniter\View\View->CodeIgniter\View\{closure}()
 5 SYSTEMPATH/Common.php(1184): CodeIgniter\View\View->render('pages/login', [], true)
 6 APPPATH/Controllers/Login.php(12): view('pages/login')
 7 SYSTEMPATH/CodeIgniter.php(934): App\Controllers\Login->index()
 8 SYSTEMPATH/CodeIgniter.php(499): CodeIgniter\CodeIgniter->runController(Object(App\Controllers\Login))
 9 SYSTEMPATH/CodeIgniter.php(368): CodeIgniter\CodeIgniter->handleRequest(null, Object(Config\Cache), false)
10 FCPATH/index.php(67): CodeIgniter\CodeIgniter->run()
11 SYSTEMPATH/Commands/Server/rewrite.php(47): require_once('/Users/natnopphawong/Developer/Workshops/PHP/bl88bet_dev/ci4_bl88bet/public/index.php')
CRITICAL - 2023-06-01 14:29:51 --> Controller or its method is not found: Home::index
in SYSTEMPATH/Helpers/url_helper.php on line 596.
 1 SYSTEMPATH/Helpers/url_helper.php(596): CodeIgniter\Router\Exceptions\RouterException::forControllerNotFound('Home', 'index')
 2 APPPATH/Views/pages/login.php(75): url_to('Home::index', 'home')
 3 SYSTEMPATH/View/View.php(213): include('/Users/natnopphawong/Developer/Workshops/PHP/bl88bet_dev/ci4_bl88bet/app/Views/pages/login.php')
 4 SYSTEMPATH/View/View.php(216): CodeIgniter\View\View->CodeIgniter\View\{closure}()
 5 SYSTEMPATH/Common.php(1184): CodeIgniter\View\View->render('pages/login', [], true)
 6 APPPATH/Controllers/Login.php(12): view('pages/login')
 7 SYSTEMPATH/CodeIgniter.php(934): App\Controllers\Login->index()
 8 SYSTEMPATH/CodeIgniter.php(499): CodeIgniter\CodeIgniter->runController(Object(App\Controllers\Login))
 9 SYSTEMPATH/CodeIgniter.php(368): CodeIgniter\CodeIgniter->handleRequest(null, Object(Config\Cache), false)
10 FCPATH/index.php(67): CodeIgniter\CodeIgniter->run()
11 SYSTEMPATH/Commands/Server/rewrite.php(47): require_once('/Users/natnopphawong/Developer/Workshops/PHP/bl88bet_dev/ci4_bl88bet/public/index.php')
CRITICAL - 2023-06-01 14:48:57 --> Invalid file: "pages/register.php"
in SYSTEMPATH/Exceptions/FrameworkException.php on line 33.
 1 SYSTEMPATH/View/View.php(201): CodeIgniter\Exceptions\FrameworkException::forInvalidFile('pages/register.php')
 2 SYSTEMPATH/Common.php(1184): CodeIgniter\View\View->render('pages/register', [], true)
 3 APPPATH/Controllers/Login.php(12): view('pages/register')
 4 SYSTEMPATH/CodeIgniter.php(934): App\Controllers\Login->index()
 5 SYSTEMPATH/CodeIgniter.php(499): CodeIgniter\CodeIgniter->runController(Object(App\Controllers\Login))
 6 SYSTEMPATH/CodeIgniter.php(368): CodeIgniter\CodeIgniter->handleRequest(null, Object(Config\Cache), false)
 7 FCPATH/index.php(67): CodeIgniter\CodeIgniter->run()
 8 SYSTEMPATH/Commands/Server/rewrite.php(47): require_once('/Users/natnopphawong/Developer/Workshops/PHP/bl88bet_dev/ci4_bl88bet/public/index.php')
CRITICAL - 2023-06-01 16:18:07 --> Call to undefined method CodeIgniter\View\View::bankForm()
in APPPATH/Views/pages/register/index.php on line 48.
 1 SYSTEMPATH/View/View.php(213): include()
 2 SYSTEMPATH/View/View.php(216): CodeIgniter\View\View->CodeIgniter\View\{closure}()
 3 SYSTEMPATH/View/View.php(229): CodeIgniter\View\View->render('pages/register/index', [], true)
 4 SYSTEMPATH/Common.php(1184): CodeIgniter\View\View->render('pages/register/phone_number_form', [], true)
 5 APPPATH/Controllers/Register.php(28): view('pages/register/phone_number_form')
 6 APPPATH/Controllers/Register.php(9): App\Controllers\Register->view()
 7 SYSTEMPATH/CodeIgniter.php(934): App\Controllers\Register->index()
 8 SYSTEMPATH/CodeIgniter.php(499): CodeIgniter\CodeIgniter->runController(Object(App\Controllers\Register))
 9 SYSTEMPATH/CodeIgniter.php(368): CodeIgniter\CodeIgniter->handleRequest(null, Object(Config\Cache), false)
10 FCPATH/index.php(67): CodeIgniter\CodeIgniter->run()
11 SYSTEMPATH/Commands/Server/rewrite.php(47): require_once('/Users/natnopphawong/Developer/Workshops/PHP/bl88bet_dev/ci4_bl88bet/public/index.php')
CRITICAL - 2023-06-01 16:22:19 --> Allowed memory size of 134217728 bytes exhausted (tried to allocate 16384 bytes)
in SYSTEMPATH/View/View.php on line 381.
 1 [internal function]: CodeIgniter\Debug\Exceptions->shutdownHandler()
CRITICAL - 2023-06-01 16:22:37 --> Allowed memory size of 134217728 bytes exhausted (tried to allocate 16384 bytes)
in SYSTEMPATH/View/View.php on line 381.
 1 [internal function]: CodeIgniter\Debug\Exceptions->shutdownHandler()
CRITICAL - 2023-06-01 16:22:45 --> Allowed memory size of 134217728 bytes exhausted (tried to allocate 16384 bytes)
in SYSTEMPATH/View/View.php on line 212.
 1 [internal function]: CodeIgniter\Debug\Exceptions->shutdownHandler()
CRITICAL - 2023-06-01 16:23:04 --> Undefined variable: controller
in APPPATH/Views/pages/register/index.php on line 48.
 1 APPPATH/Views/pages/register/index.php(48): CodeIgniter\Debug\Exceptions->errorHandler(8, 'Undefined variable: controller', '/Users/natnopphawong/Developer/Workshops/PHP/bl88bet_dev/ci4_bl88bet/app/Views/pages/register/index.php', 48, [...])
 2 SYSTEMPATH/View/View.php(213): include('/Users/natnopphawong/Developer/Workshops/PHP/bl88bet_dev/ci4_bl88bet/app/Views/pages/register/index.php')
 3 SYSTEMPATH/View/View.php(216): CodeIgniter\View\View->CodeIgniter\View\{closure}()
 4 SYSTEMPATH/View/View.php(229): CodeIgniter\View\View->render('pages/register/index', [], true)
 5 SYSTEMPATH/Common.php(1184): CodeIgniter\View\View->render('pages/register/phone_number_form', [], true)
 6 APPPATH/Controllers/Register.php(29): view('pages/register/phone_number_form')
 7 APPPATH/Controllers/Register.php(9): App\Controllers\Register->view()
 8 SYSTEMPATH/CodeIgniter.php(934): App\Controllers\Register->index()
 9 SYSTEMPATH/CodeIgniter.php(499): CodeIgniter\CodeIgniter->runController(Object(App\Controllers\Register))
10 SYSTEMPATH/CodeIgniter.php(368): CodeIgniter\CodeIgniter->handleRequest(null, Object(Config\Cache), false)
11 FCPATH/index.php(67): CodeIgniter\CodeIgniter->run()
12 SYSTEMPATH/Commands/Server/rewrite.php(47): require_once('/Users/natnopphawong/Developer/Workshops/PHP/bl88bet_dev/ci4_bl88bet/public/index.php')
CRITICAL - 2023-06-01 16:23:53 --> Allowed memory size of 134217728 bytes exhausted (tried to allocate 16384 bytes)
in SYSTEMPATH/View/View.php on line 381.
 1 [internal function]: CodeIgniter\Debug\Exceptions->shutdownHandler()
CRITICAL - 2023-06-01 16:26:54 --> Undefined variable: controller
in APPPATH/Views/pages/register/index.php on line 48.
 1 APPPATH/Views/pages/register/index.php(48): CodeIgniter\Debug\Exceptions->errorHandler(8, 'Undefined variable: controller', '/Users/natnopphawong/Developer/Workshops/PHP/bl88bet_dev/ci4_bl88bet/app/Views/pages/register/index.php', 48, [...])
 2 SYSTEMPATH/View/View.php(213): include('/Users/natnopphawong/Developer/Workshops/PHP/bl88bet_dev/ci4_bl88bet/app/Views/pages/register/index.php')
 3 SYSTEMPATH/View/View.php(216): CodeIgniter\View\View->CodeIgniter\View\{closure}()
 4 SYSTEMPATH/View/View.php(229): CodeIgniter\View\View->render('pages/register/index', [], true)
 5 SYSTEMPATH/Common.php(1184): CodeIgniter\View\View->render('pages/register/phone_number_form', [], true)
 6 APPPATH/Controllers/Register.php(29): view('pages/register/phone_number_form', [...])
 7 APPPATH/Controllers/Register.php(9): App\Controllers\Register->view()
 8 SYSTEMPATH/CodeIgniter.php(934): App\Controllers\Register->index()
 9 SYSTEMPATH/CodeIgniter.php(499): CodeIgniter\CodeIgniter->runController(Object(App\Controllers\Register))
10 SYSTEMPATH/CodeIgniter.php(368): CodeIgniter\CodeIgniter->handleRequest(null, Object(Config\Cache), false)
11 FCPATH/index.php(67): CodeIgniter\CodeIgniter->run()
12 SYSTEMPATH/Commands/Server/rewrite.php(47): require_once('/Users/natnopphawong/Developer/Workshops/PHP/bl88bet_dev/ci4_bl88bet/public/index.php')
CRITICAL - 2023-06-01 16:28:58 --> Undefined variable: controller
in APPPATH/Views/pages/register/index.php on line 48.
 1 APPPATH/Views/pages/register/index.php(48): CodeIgniter\Debug\Exceptions->errorHandler(8, 'Undefined variable: controller', '/Users/natnopphawong/Developer/Workshops/PHP/bl88bet_dev/ci4_bl88bet/app/Views/pages/register/index.php', 48, [...])
 2 SYSTEMPATH/View/View.php(213): include('/Users/natnopphawong/Developer/Workshops/PHP/bl88bet_dev/ci4_bl88bet/app/Views/pages/register/index.php')
 3 SYSTEMPATH/View/View.php(216): CodeIgniter\View\View->CodeIgniter\View\{closure}()
 4 SYSTEMPATH/View/View.php(229): CodeIgniter\View\View->render('pages/register/index', [], true)
 5 SYSTEMPATH/Common.php(1184): CodeIgniter\View\View->render('pages/register/phone_number_form', [], true)
 6 APPPATH/Controllers/Register.php(29): view('pages/register/phone_number_form', [...])
 7 APPPATH/Controllers/Register.php(9): App\Controllers\Register->view()
 8 SYSTEMPATH/CodeIgniter.php(934): App\Controllers\Register->index()
 9 SYSTEMPATH/CodeIgniter.php(499): CodeIgniter\CodeIgniter->runController(Object(App\Controllers\Register))
10 SYSTEMPATH/CodeIgniter.php(368): CodeIgniter\CodeIgniter->handleRequest(null, Object(Config\Cache), false)
11 FCPATH/index.php(67): CodeIgniter\CodeIgniter->run()
12 SYSTEMPATH/Commands/Server/rewrite.php(47): require_once('/Users/natnopphawong/Developer/Workshops/PHP/bl88bet_dev/ci4_bl88bet/public/index.php')
CRITICAL - 2023-06-01 16:33:24 --> Call to undefined method CodeIgniter\View\View::view()
in APPPATH/Views/pages/register/index.php on line 48.
 1 SYSTEMPATH/View/View.php(213): include()
 2 SYSTEMPATH/View/View.php(216): CodeIgniter\View\View->CodeIgniter\View\{closure}()
 3 SYSTEMPATH/View/View.php(229): CodeIgniter\View\View->render('pages/register/index', [], true)
 4 SYSTEMPATH/Common.php(1184): CodeIgniter\View\View->render('pages/register/phone_number_form', [], true)
 5 APPPATH/Controllers/Register.php(29): view('pages/register/phone_number_form', [...])
 6 APPPATH/Controllers/Register.php(9): App\Controllers\Register->view()
 7 SYSTEMPATH/CodeIgniter.php(934): App\Controllers\Register->index()
 8 SYSTEMPATH/CodeIgniter.php(499): CodeIgniter\CodeIgniter->runController(Object(App\Controllers\Register))
 9 SYSTEMPATH/CodeIgniter.php(368): CodeIgniter\CodeIgniter->handleRequest(null, Object(Config\Cache), false)
10 FCPATH/index.php(67): CodeIgniter\CodeIgniter->run()
11 SYSTEMPATH/Commands/Server/rewrite.php(47): require_once('/Users/natnopphawong/Developer/Workshops/PHP/bl88bet_dev/ci4_bl88bet/public/index.php')
CRITICAL - 2023-06-01 16:34:11 --> Allowed memory size of 134217728 bytes exhausted (tried to allocate 20480 bytes)
in APPPATH/Controllers/Register.php on line 26.
 1 [internal function]: CodeIgniter\Debug\Exceptions->shutdownHandler()
CRITICAL - 2023-06-01 16:50:02 --> Undefined variable: bank_form
in APPPATH/Views/pages/register/index.php on line 48.
 1 APPPATH/Views/pages/register/index.php(48): CodeIgniter\Debug\Exceptions->errorHandler(8, 'Undefined variable: bank_form', '/Users/natnopphawong/Developer/Workshops/PHP/bl88bet_dev/ci4_bl88bet/app/Views/pages/register/index.php', 48, [...])
 2 SYSTEMPATH/View/View.php(213): include('/Users/natnopphawong/Developer/Workshops/PHP/bl88bet_dev/ci4_bl88bet/app/Views/pages/register/index.php')
 3 SYSTEMPATH/View/View.php(216): CodeIgniter\View\View->CodeIgniter\View\{closure}()
 4 SYSTEMPATH/View/View.php(229): CodeIgniter\View\View->render('pages/register/index', [], true)
 5 SYSTEMPATH/Common.php(1184): CodeIgniter\View\View->render('pages/register/phone_number_form', [], true)
 6 APPPATH/Controllers/Register.php(29): view('pages/register/phone_number_form', [...])
 7 APPPATH/Controllers/Register.php(10): App\Controllers\Register->view('phone_number_form')
 8 SYSTEMPATH/CodeIgniter.php(934): App\Controllers\Register->index()
 9 SYSTEMPATH/CodeIgniter.php(499): CodeIgniter\CodeIgniter->runController(Object(App\Controllers\Register))
10 SYSTEMPATH/CodeIgniter.php(368): CodeIgniter\CodeIgniter->handleRequest(null, Object(Config\Cache), false)
11 FCPATH/index.php(67): CodeIgniter\CodeIgniter->run()
12 SYSTEMPATH/Commands/Server/rewrite.php(47): require_once('/Users/natnopphawong/Developer/Workshops/PHP/bl88bet_dev/ci4_bl88bet/public/index.php')
